2022-12-15 11:06:05,293 [Worker-10: Loading available Gradle versions] INFO  o.e.b.c.i.u.g.PublishedGradleVersions - Gradle version information cache is up-to-date. Trying to read.
2022-12-15 11:06:24,261 [Worker-19: Update Maven projects configuration] INFO  o.e.m.c.i.p.ProjectConfigurationManager - Update started
2022-12-15 11:06:25,071 [Worker-19: Update Maven projects configuration] INFO  o.e.m.c.i.l.LifecycleMappingFactory - Using org.eclipse.m2e.jdt.JarLifecycleMapping lifecycle mapping for MavenProject: com.shopme:CommonSharedLibraries:0.0.1-SNAPSHOT @ C:\Users\venky\Desktop\e-commerce-project\CommonSharedLibraries\pom.xml.
2022-12-15 11:06:25,611 [Worker-19: Update Maven projects configuration] INFO  o.e.m.j.i.AbstractJavaProjectConfigurator - Adding source folder /CommonSharedLibraries/src/main/java
2022-12-15 11:06:25,612 [Worker-19: Update Maven projects configuration] INFO  o.e.m.j.i.AbstractJavaProjectConfigurator - Adding resource folder /CommonSharedLibraries/src/main/resources
2022-12-15 11:06:25,625 [Worker-19: Update Maven projects configuration] INFO  o.e.m.j.i.AbstractJavaProjectConfigurator - Adding resource folder /CommonSharedLibraries/src/main/resources
2022-12-15 11:06:25,628 [Worker-19: Update Maven projects configuration] INFO  o.e.m.j.i.AbstractJavaProjectConfigurator - Adding source folder /CommonSharedLibraries/src/test/java
2022-12-15 11:06:25,991 [Worker-0: Building] INFO  o.a.m.s.f.DefaultMavenResourcesFiltering - Copying 1 resource
2022-12-15 11:06:26,027 [Worker-0: Building] INFO  o.a.m.s.f.DefaultMavenResourcesFiltering - Copying 0 resource
2022-12-15 11:06:26,032 [Worker-0: Building] INFO  o.a.m.s.f.DefaultMavenResourcesFiltering - skip non existing resourceDirectory C:\Users\venky\Desktop\e-commerce-project\CommonSharedLibraries\src\test\resources
2022-12-15 11:06:27,629 [Worker-19: Update Maven projects configuration] INFO  o.e.m.c.i.p.ProjectConfigurationManager - Update completed for 1 poms: local refresh takes 0.00 sec, refresh facades takes 1.00 sec, update config takes 2.00 sec 
2022-12-15 11:06:27,632 [Worker-19: Update Maven projects configuration] INFO  o.e.m.c.i.p.ProjectConfigurationManager - Update started
2022-12-15 11:06:28,183 [Worker-19: Update Maven projects configuration] INFO  o.e.m.c.i.l.LifecycleMappingFactory - Using org.eclipse.m2e.jdt.JarLifecycleMapping lifecycle mapping for MavenProject: com.shopme:CommonSharedLibraries:0.0.1-SNAPSHOT @ C:\Users\venky\Desktop\e-commerce-project\CommonSharedLibraries\pom.xml.
2022-12-15 11:06:28,398 [Worker-19: Update Maven projects configuration] INFO  o.e.m.c.i.l.LifecycleMappingFactory - Using org.eclipse.m2e.jdt.JarLifecycleMapping lifecycle mapping for MavenProject: com.shopme:ProjectFrontEnd:0.0.1-SNAPSHOT @ C:\Users\venky\Desktop\e-commerce-project\WebParentCommon\ProjectFrontEnd\pom.xml.
2022-12-15 11:06:28,561 [Worker-19: Update Maven projects configuration] INFO  o.e.m.c.i.l.LifecycleMappingFactory - Using org.eclipse.m2e.jdt.JarLifecycleMapping lifecycle mapping for MavenProject: com.shopme:ProjectBackEnd:0.0.1-SNAPSHOT @ C:\Users\venky\Desktop\e-commerce-project\WebParentCommon\ProjectBackEnd\pom.xml.
2022-12-15 11:06:28,585 [Worker-19: Update Maven projects configuration] INFO  o.e.m.c.i.l.LifecycleMappingFactory - Using NULL lifecycle mapping for MavenProject: com.shopme:WebParentCommon:0.0.1-SNAPSHOT @ C:\Users\venky\Desktop\e-commerce-project\WebParentCommon\pom.xml.
2022-12-15 11:06:28,644 [Worker-19: Update Maven projects configuration] INFO  o.e.m.c.i.l.LifecycleMappingFactory - Using org.eclipse.m2e.jdt.JarLifecycleMapping lifecycle mapping for MavenProject: com.shopme:ProjectBackEnd:0.0.1-SNAPSHOT @ C:\Users\venky\Desktop\e-commerce-project\WebParentCommon\ProjectBackEnd\pom.xml.
2022-12-15 11:06:28,697 [Worker-19: Update Maven projects configuration] INFO  o.e.m.c.i.l.LifecycleMappingFactory - Using org.eclipse.m2e.jdt.JarLifecycleMapping lifecycle mapping for MavenProject: com.shopme:ProjectFrontEnd:0.0.1-SNAPSHOT @ C:\Users\venky\Desktop\e-commerce-project\WebParentCommon\ProjectFrontEnd\pom.xml.
2022-12-15 11:06:29,439 [Worker-19: Update Maven projects configuration] INFO  o.e.m.j.i.AbstractJavaProjectConfigurator - Adding source folder /CommonSharedLibraries/src/main/java
2022-12-15 11:06:29,439 [Worker-19: Update Maven projects configuration] INFO  o.e.m.j.i.AbstractJavaProjectConfigurator - Adding resource folder /CommonSharedLibraries/src/main/resources
2022-12-15 11:06:29,441 [Worker-19: Update Maven projects configuration] INFO  o.e.m.j.i.AbstractJavaProjectConfigurator - Adding resource folder /CommonSharedLibraries/src/main/resources
2022-12-15 11:06:29,443 [Worker-19: Update Maven projects configuration] INFO  o.e.m.j.i.AbstractJavaProjectConfigurator - Adding source folder /CommonSharedLibraries/src/test/java
2022-12-15 11:06:30,131 [Worker-19: Update Maven projects configuration] INFO  o.e.m.j.i.AbstractJavaProjectConfigurator - Adding source folder /ProjectFrontEnd/src/main/java
2022-12-15 11:06:30,132 [Worker-19: Update Maven projects configuration] INFO  o.e.m.j.i.AbstractJavaProjectConfigurator - Adding resource folder /ProjectFrontEnd/src/main/resources
2022-12-15 11:06:30,148 [Worker-19: Update Maven projects configuration] INFO  o.e.m.j.i.AbstractJavaProjectConfigurator - Adding resource folder /ProjectFrontEnd/src/main/resources
2022-12-15 11:06:30,151 [Worker-19: Update Maven projects configuration] INFO  o.e.m.j.i.AbstractJavaProjectConfigurator - Adding source folder /ProjectFrontEnd/src/test/java
2022-12-15 11:06:30,757 [Worker-28: Building] INFO  o.a.m.s.f.DefaultMavenResourcesFiltering - Copying 1 resource
2022-12-15 11:06:30,783 [Worker-28: Building] INFO  o.a.m.s.f.DefaultMavenResourcesFiltering - Copying 0 resource
2022-12-15 11:06:30,790 [Worker-28: Building] INFO  o.a.m.s.f.DefaultMavenResourcesFiltering - skip non existing resourceDirectory C:\Users\venky\Desktop\e-commerce-project\CommonSharedLibraries\src\test\resources
2022-12-15 11:06:31,209 [Worker-19: Update Maven projects configuration] INFO  o.e.m.j.i.AbstractJavaProjectConfigurator - Adding source folder /ProjectBackEnd/src/main/java
2022-12-15 11:06:31,210 [Worker-19: Update Maven projects configuration] INFO  o.e.m.j.i.AbstractJavaProjectConfigurator - Adding resource folder /ProjectBackEnd/src/main/resources
2022-12-15 11:06:31,234 [Worker-19: Update Maven projects configuration] INFO  o.e.m.j.i.AbstractJavaProjectConfigurator - Adding resource folder /ProjectBackEnd/src/main/resources
2022-12-15 11:06:31,243 [Worker-19: Update Maven projects configuration] INFO  o.e.m.j.i.AbstractJavaProjectConfigurator - Adding source folder /ProjectBackEnd/src/test/java
2022-12-15 11:06:31,707 [Worker-19: Update Maven projects configuration] INFO  o.e.m.c.i.p.ProjectConfigurationManager - Update completed for 4 poms: local refresh takes 0.00 sec, refresh facades takes 1.00 sec, update config takes 2.00 sec 
2022-12-15 11:06:32,125 [Worker-13: Building] INFO  o.a.m.s.f.DefaultMavenResourcesFiltering - Copying 1 resource
2022-12-15 11:06:32,139 [Worker-13: Building] INFO  o.a.m.s.f.DefaultMavenResourcesFiltering - Copying 2 resources
2022-12-15 11:06:32,150 [Worker-13: Building] INFO  o.a.m.s.f.DefaultMavenResourcesFiltering - skip non existing resourceDirectory C:\Users\venky\Desktop\e-commerce-project\WebParentCommon\ProjectBackEnd\src\test\resources
2022-12-15 11:06:32,276 [Worker-13: Building] INFO  o.a.m.s.f.DefaultMavenResourcesFiltering - Copying 1 resource
2022-12-15 11:06:32,279 [Worker-13: Building] INFO  o.a.m.s.f.DefaultMavenResourcesFiltering - Copying 1 resource
2022-12-15 11:06:32,285 [Worker-13: Building] INFO  o.a.m.s.f.DefaultMavenResourcesFiltering - skip non existing resourceDirectory C:\Users\venky\Desktop\e-commerce-project\WebParentCommon\ProjectFrontEnd\src\test\resources
2022-12-15 11:07:19,500 [Worker-17: Building] INFO  o.e.m.c.i.l.LifecycleMappingFactory - Using NULL lifecycle mapping for MavenProject: com.shopme:WebParentCommon:0.0.1-SNAPSHOT @ C:\Users\venky\Desktop\e-commerce-project\WebParentCommon\pom.xml.
2022-12-15 11:07:19,704 [Worker-17: Building] INFO  o.e.m.c.i.l.LifecycleMappingFactory - Using org.eclipse.m2e.jdt.JarLifecycleMapping lifecycle mapping for MavenProject: com.shopme:ProjectBackEnd:0.0.1-SNAPSHOT @ C:\Users\venky\Desktop\e-commerce-project\WebParentCommon\ProjectBackEnd\pom.xml.
2022-12-15 11:07:19,751 [Worker-17: Building] INFO  o.e.m.c.i.l.LifecycleMappingFactory - Using org.eclipse.m2e.jdt.JarLifecycleMapping lifecycle mapping for MavenProject: com.shopme:ProjectFrontEnd:0.0.1-SNAPSHOT @ C:\Users\venky\Desktop\e-commerce-project\WebParentCommon\ProjectFrontEnd\pom.xml.
2022-12-15 11:07:21,367 [Worker-12: Building] INFO  o.a.m.s.f.DefaultMavenResourcesFiltering - Copying 1 resource
2022-12-15 11:07:21,371 [Worker-12: Building] INFO  o.a.m.s.f.DefaultMavenResourcesFiltering - Copying 2 resources
2022-12-15 11:07:21,379 [Worker-12: Building] INFO  o.a.m.s.f.DefaultMavenResourcesFiltering - skip non existing resourceDirectory C:\Users\venky\Desktop\e-commerce-project\WebParentCommon\ProjectBackEnd\src\test\resources
2022-12-15 11:07:21,513 [Worker-12: Building] INFO  o.a.m.s.f.DefaultMavenResourcesFiltering - Copying 1 resource
2022-12-15 11:07:21,516 [Worker-12: Building] INFO  o.a.m.s.f.DefaultMavenResourcesFiltering - Copying 1 resource
2022-12-15 11:07:21,521 [Worker-12: Building] INFO  o.a.m.s.f.DefaultMavenResourcesFiltering - skip non existing resourceDirectory C:\Users\venky\Desktop\e-commerce-project\WebParentCommon\ProjectFrontEnd\src\test\resources
2022-12-15 11:08:05,191 [Worker-3: Building] INFO  o.a.m.s.f.DefaultMavenResourcesFiltering - Copying 1 resource
2022-12-15 11:08:05,199 [Worker-3: Building] INFO  o.a.m.s.f.DefaultMavenResourcesFiltering - Copying 0 resource
2022-12-15 11:08:05,202 [Worker-3: Building] INFO  o.a.m.s.f.DefaultMavenResourcesFiltering - skip non existing resourceDirectory C:\Users\venky\Desktop\e-commerce-project\WebParentCommon\ProjectBackEnd\src\test\resources
2022-12-15 11:08:45,162 [Worker-0: Building] INFO  o.a.m.s.f.DefaultMavenResourcesFiltering - Copying 1 resource
2022-12-15 11:08:45,165 [Worker-0: Building] INFO  o.a.m.s.f.DefaultMavenResourcesFiltering - Copying 0 resource
2022-12-15 11:08:45,168 [Worker-0: Building] INFO  o.a.m.s.f.DefaultMavenResourcesFiltering - skip non existing resourceDirectory C:\Users\venky\Desktop\e-commerce-project\CommonSharedLibraries\src\test\resources
2022-12-15 11:09:10,350 [Worker-27: Building] INFO  o.a.m.s.f.DefaultMavenResourcesFiltering - Copying 1 resource
2022-12-15 11:09:10,363 [Worker-27: Building] INFO  o.a.m.s.f.DefaultMavenResourcesFiltering - Copying 0 resource
2022-12-15 11:09:10,368 [Worker-27: Building] INFO  o.a.m.s.f.DefaultMavenResourcesFiltering - skip non existing resourceDirectory C:\Users\venky\Desktop\e-commerce-project\CommonSharedLibraries\src\test\resources
2022-12-15 11:09:28,742 [Worker-28: Building] INFO  o.a.m.s.f.DefaultMavenResourcesFiltering - Copying 1 resource
2022-12-15 11:09:28,750 [Worker-28: Building] INFO  o.a.m.s.f.DefaultMavenResourcesFiltering - Copying 0 resource
2022-12-15 11:09:28,753 [Worker-28: Building] INFO  o.a.m.s.f.DefaultMavenResourcesFiltering - skip non existing resourceDirectory C:\Users\venky\Desktop\e-commerce-project\CommonSharedLibraries\src\test\resources
2022-12-15 11:12:42,077 [Worker-0: Building] INFO  o.a.m.s.f.DefaultMavenResourcesFiltering - Copying 1 resource
2022-12-15 11:12:42,085 [Worker-0: Building] INFO  o.a.m.s.f.DefaultMavenResourcesFiltering - Copying 0 resource
2022-12-15 11:12:42,088 [Worker-0: Building] INFO  o.a.m.s.f.DefaultMavenResourcesFiltering - skip non existing resourceDirectory C:\Users\venky\Desktop\e-commerce-project\CommonSharedLibraries\src\test\resources
2022-12-15 11:13:12,748 [Worker-19: Building] INFO  o.a.m.s.f.DefaultMavenResourcesFiltering - Copying 1 resource
2022-12-15 11:13:12,761 [Worker-19: Building] INFO  o.a.m.s.f.DefaultMavenResourcesFiltering - Copying 2 resources
2022-12-15 11:13:12,764 [Worker-19: Building] INFO  o.a.m.s.f.DefaultMavenResourcesFiltering - skip non existing resourceDirectory C:\Users\venky\Desktop\e-commerce-project\WebParentCommon\ProjectBackEnd\src\test\resources
2022-12-15 11:13:24,888 [Worker-8: Building] INFO  o.a.m.s.f.DefaultMavenResourcesFiltering - Copying 1 resource
2022-12-15 11:13:24,897 [Worker-8: Building] INFO  o.a.m.s.f.DefaultMavenResourcesFiltering - Copying 2 resources
2022-12-15 11:13:24,901 [Worker-8: Building] INFO  o.a.m.s.f.DefaultMavenResourcesFiltering - skip non existing resourceDirectory C:\Users\venky\Desktop\e-commerce-project\WebParentCommon\ProjectBackEnd\src\test\resources
2022-12-15 11:16:38,189 [Worker-22: Building] INFO  o.a.m.s.f.DefaultMavenResourcesFiltering - Copying 1 resource
2022-12-15 11:16:38,196 [Worker-22: Building] INFO  o.a.m.s.f.DefaultMavenResourcesFiltering - Copying 2 resources
2022-12-15 11:16:38,201 [Worker-22: Building] INFO  o.a.m.s.f.DefaultMavenResourcesFiltering - skip non existing resourceDirectory C:\Users\venky\Desktop\e-commerce-project\WebParentCommon\ProjectBackEnd\src\test\resources
2022-12-15 11:16:38,614 [Worker-22: Building] INFO  o.e.m.c.i.l.LifecycleMappingFactory - Using NULL lifecycle mapping for MavenProject: com.shopme:WebParentCommon:0.0.1-SNAPSHOT @ C:\Users\venky\Desktop\e-commerce-project\WebParentCommon\pom.xml.
2022-12-15 11:16:39,031 [Worker-22: Building] INFO  o.e.m.c.i.p.WorkspaceClassifierResolverManager - Resolving P/CommonSharedLibraries: com.shopme:CommonSharedLibraries:0.0.1-SNAPSHOT with classifier  to /CommonSharedLibraries/target/classes
2022-12-15 11:16:39,191 [Worker-22: Building] INFO  o.e.m.c.i.l.LifecycleMappingFactory - Using org.eclipse.m2e.jdt.JarLifecycleMapping lifecycle mapping for MavenProject: com.shopme:ProjectBackEnd:0.0.1-SNAPSHOT @ C:\Users\venky\Desktop\e-commerce-project\WebParentCommon\ProjectBackEnd\pom.xml.
2022-12-15 11:16:39,235 [Worker-22: Building] INFO  o.e.m.c.i.p.WorkspaceClassifierResolverManager - Resolving P/CommonSharedLibraries: com.shopme:CommonSharedLibraries:0.0.1-SNAPSHOT with classifier  to /CommonSharedLibraries/target/classes
2022-12-15 11:16:39,325 [Worker-22: Building] INFO  o.e.m.c.i.l.LifecycleMappingFactory - Using org.eclipse.m2e.jdt.JarLifecycleMapping lifecycle mapping for MavenProject: com.shopme:ProjectFrontEnd:0.0.1-SNAPSHOT @ C:\Users\venky\Desktop\e-commerce-project\WebParentCommon\ProjectFrontEnd\pom.xml.
2022-12-15 11:16:39,359 [Worker-22: Building] INFO  o.e.m.c.i.p.WorkspaceClassifierResolverManager - Resolving P/CommonSharedLibraries: com.shopme:CommonSharedLibraries:0.0.1-SNAPSHOT with classifier  to /CommonSharedLibraries/target/classes
2022-12-15 11:16:41,520 [Worker-40: Building] INFO  o.a.m.s.f.DefaultMavenResourcesFiltering - Copying 1 resource
2022-12-15 11:16:41,523 [Worker-40: Building] INFO  o.a.m.s.f.DefaultMavenResourcesFiltering - Copying 2 resources
2022-12-15 11:16:41,530 [Worker-40: Building] INFO  o.a.m.s.f.DefaultMavenResourcesFiltering - skip non existing resourceDirectory C:\Users\venky\Desktop\e-commerce-project\WebParentCommon\ProjectBackEnd\src\test\resources
2022-12-15 11:16:41,648 [Worker-40: Building] INFO  o.a.m.s.f.DefaultMavenResourcesFiltering - Copying 1 resource
2022-12-15 11:16:41,651 [Worker-40: Building] INFO  o.a.m.s.f.DefaultMavenResourcesFiltering - Copying 1 resource
2022-12-15 11:16:41,659 [Worker-40: Building] INFO  o.a.m.s.f.DefaultMavenResourcesFiltering - skip non existing resourceDirectory C:\Users\venky\Desktop\e-commerce-project\WebParentCommon\ProjectFrontEnd\src\test\resources
2022-12-15 11:19:35,950 [Worker-3: Building] INFO  o.a.m.s.f.DefaultMavenResourcesFiltering - Copying 0 resource
2022-12-15 11:19:35,950 [Worker-3: Building] INFO  o.a.m.s.f.DefaultMavenResourcesFiltering - Copying 0 resource
2022-12-15 11:19:35,953 [Worker-3: Building] INFO  o.a.m.s.f.DefaultMavenResourcesFiltering - skip non existing resourceDirectory C:\Users\venky\Desktop\e-commerce-project\WebParentCommon\ProjectBackEnd\src\test\resources
2022-12-15 11:19:49,409 [Worker-12: Building] INFO  o.a.m.s.f.DefaultMavenResourcesFiltering - Copying 1 resource
2022-12-15 11:19:49,412 [Worker-12: Building] INFO  o.a.m.s.f.DefaultMavenResourcesFiltering - Copying 2 resources
2022-12-15 11:19:49,418 [Worker-12: Building] INFO  o.a.m.s.f.DefaultMavenResourcesFiltering - skip non existing resourceDirectory C:\Users\venky\Desktop\e-commerce-project\WebParentCommon\ProjectBackEnd\src\test\resources
2022-12-15 11:31:07,500 [Worker-35: Building] INFO  o.a.m.s.f.DefaultMavenResourcesFiltering - Copying 0 resource
2022-12-15 11:31:07,501 [Worker-35: Building] INFO  o.a.m.s.f.DefaultMavenResourcesFiltering - Copying 0 resource
2022-12-15 11:31:07,503 [Worker-35: Building] INFO  o.a.m.s.f.DefaultMavenResourcesFiltering - skip non existing resourceDirectory C:\Users\venky\Desktop\e-commerce-project\WebParentCommon\ProjectBackEnd\src\test\resources
2022-12-15 11:31:39,779 [Worker-16: Building] INFO  o.a.m.s.f.DefaultMavenResourcesFiltering - Copying 0 resource
2022-12-15 11:31:39,779 [Worker-16: Building] INFO  o.a.m.s.f.DefaultMavenResourcesFiltering - Copying 0 resource
2022-12-15 11:31:39,843 [Worker-16: Building] INFO  o.a.m.s.f.DefaultMavenResourcesFiltering - skip non existing resourceDirectory C:\Users\venky\Desktop\e-commerce-project\WebParentCommon\ProjectBackEnd\src\test\resources
2022-12-15 11:36:55,403 [Worker-46: Building] ERROR o.e.m.c.i.URLConnectionCaches - Unexpected URLConnection defaultUseCaches enabled
2022-12-15 11:36:55,415 [Worker-46: Building] INFO  o.a.m.s.f.DefaultMavenResourcesFiltering - Copying 1 resource
2022-12-15 11:36:55,422 [Worker-46: Building] INFO  o.a.m.s.f.DefaultMavenResourcesFiltering - Copying 2 resources
2022-12-15 11:36:55,426 [Worker-46: Building] INFO  o.a.m.s.f.DefaultMavenResourcesFiltering - skip non existing resourceDirectory C:\Users\venky\Desktop\e-commerce-project\WebParentCommon\ProjectBackEnd\src\test\resources
2022-12-15 11:36:55,493 [Worker-46: Building] ERROR o.e.m.c.i.URLConnectionCaches - Unexpected URLConnection defaultUseCaches enabled
2022-12-15 11:36:58,349 [Worker-31: Launching ProjectBackEnd - ProjectBackEndApplication] INFO  o.e.m.c.i.p.WorkspaceClassifierResolverManager - Resolving P/CommonSharedLibraries: com.shopme:CommonSharedLibraries:0.0.1-SNAPSHOT with classifier null to /CommonSharedLibraries/target/classes
2022-12-15 11:36:58,441 [Worker-31: Launching ProjectBackEnd - ProjectBackEndApplication] INFO  o.e.m.c.i.p.WorkspaceClassifierResolverManager - Resolving P/CommonSharedLibraries: com.shopme:CommonSharedLibraries:0.0.1-SNAPSHOT with classifier null to /CommonSharedLibraries/target/classes
2022-12-15 11:36:58,523 [Worker-31: Launching ProjectBackEnd - ProjectBackEndApplication] INFO  o.e.m.c.i.p.WorkspaceClassifierResolverManager - Resolving P/CommonSharedLibraries: com.shopme:CommonSharedLibraries:0.0.1-SNAPSHOT with classifier null to /CommonSharedLibraries/target/classes
2022-12-15 11:41:57,698 [Worker-23: Building] ERROR o.e.m.c.i.URLConnectionCaches - Unexpected URLConnection defaultUseCaches enabled
2022-12-15 11:41:57,710 [Worker-23: Building] INFO  o.a.m.s.f.DefaultMavenResourcesFiltering - Copying 0 resource
2022-12-15 11:41:57,711 [Worker-23: Building] INFO  o.a.m.s.f.DefaultMavenResourcesFiltering - Copying 0 resource
2022-12-15 11:41:57,714 [Worker-23: Building] INFO  o.a.m.s.f.DefaultMavenResourcesFiltering - skip non existing resourceDirectory C:\Users\venky\Desktop\e-commerce-project\WebParentCommon\ProjectBackEnd\src\test\resources
2022-12-15 11:41:57,725 [Worker-23: Building] ERROR o.e.m.c.i.URLConnectionCaches - Unexpected URLConnection defaultUseCaches enabled
2022-12-15 11:43:58,854 [Worker-2: Building] ERROR o.e.m.c.i.URLConnectionCaches - Unexpected URLConnection defaultUseCaches enabled
2022-12-15 11:43:58,874 [Worker-2: Building] INFO  o.a.m.s.f.DefaultMavenResourcesFiltering - Copying 0 resource
2022-12-15 11:43:58,874 [Worker-2: Building] INFO  o.a.m.s.f.DefaultMavenResourcesFiltering - Copying 0 resource
2022-12-15 11:43:58,877 [Worker-2: Building] INFO  o.a.m.s.f.DefaultMavenResourcesFiltering - skip non existing resourceDirectory C:\Users\venky\Desktop\e-commerce-project\WebParentCommon\ProjectBackEnd\src\test\resources
2022-12-15 11:43:58,889 [Worker-2: Building] ERROR o.e.m.c.i.URLConnectionCaches - Unexpected URLConnection defaultUseCaches enabled
2022-12-15 11:48:39,756 [Worker-16: Building] ERROR o.e.m.c.i.URLConnectionCaches - Unexpected URLConnection defaultUseCaches enabled
2022-12-15 11:48:39,764 [Worker-16: Building] INFO  o.a.m.s.f.DefaultMavenResourcesFiltering - Copying 1 resource
2022-12-15 11:48:39,770 [Worker-16: Building] INFO  o.a.m.s.f.DefaultMavenResourcesFiltering - Copying 0 resource
2022-12-15 11:48:39,772 [Worker-16: Building] INFO  o.a.m.s.f.DefaultMavenResourcesFiltering - skip non existing resourceDirectory C:\Users\venky\Desktop\e-commerce-project\CommonSharedLibraries\src\test\resources
2022-12-15 11:48:39,876 [Worker-16: Building] ERROR o.e.m.c.i.URLConnectionCaches - Unexpected URLConnection defaultUseCaches enabled
2022-12-15 11:48:39,880 [Worker-16: Building] INFO  o.a.m.s.f.DefaultMavenResourcesFiltering - Copying 0 resource
2022-12-15 11:48:39,880 [Worker-16: Building] INFO  o.a.m.s.f.DefaultMavenResourcesFiltering - Copying 0 resource
2022-12-15 11:48:39,883 [Worker-16: Building] INFO  o.a.m.s.f.DefaultMavenResourcesFiltering - skip non existing resourceDirectory C:\Users\venky\Desktop\e-commerce-project\WebParentCommon\ProjectBackEnd\src\test\resources
2022-12-15 11:48:39,905 [Worker-16: Building] ERROR o.e.m.c.i.URLConnectionCaches - Unexpected URLConnection defaultUseCaches enabled
2022-12-15 11:49:51,741 [Worker-1: Building] ERROR o.e.m.c.i.URLConnectionCaches - Unexpected URLConnection defaultUseCaches enabled
2022-12-15 11:49:51,748 [Worker-1: Building] INFO  o.a.m.s.f.DefaultMavenResourcesFiltering - Copying 1 resource
2022-12-15 11:49:51,754 [Worker-1: Building] INFO  o.a.m.s.f.DefaultMavenResourcesFiltering - Copying 0 resource
2022-12-15 11:49:51,757 [Worker-1: Building] INFO  o.a.m.s.f.DefaultMavenResourcesFiltering - skip non existing resourceDirectory C:\Users\venky\Desktop\e-commerce-project\CommonSharedLibraries\src\test\resources
2022-12-15 11:49:52,000 [Worker-1: Building] ERROR o.e.m.c.i.URLConnectionCaches - Unexpected URLConnection defaultUseCaches enabled
2022-12-15 11:49:52,005 [Worker-1: Building] INFO  o.a.m.s.f.DefaultMavenResourcesFiltering - Copying 0 resource
2022-12-15 11:49:52,005 [Worker-1: Building] INFO  o.a.m.s.f.DefaultMavenResourcesFiltering - Copying 0 resource
2022-12-15 11:49:52,008 [Worker-1: Building] INFO  o.a.m.s.f.DefaultMavenResourcesFiltering - skip non existing resourceDirectory C:\Users\venky\Desktop\e-commerce-project\WebParentCommon\ProjectBackEnd\src\test\resources
2022-12-15 11:49:52,019 [Worker-1: Building] ERROR o.e.m.c.i.URLConnectionCaches - Unexpected URLConnection defaultUseCaches enabled
2022-12-15 11:50:21,706 [Worker-61: Building] ERROR o.e.m.c.i.URLConnectionCaches - Unexpected URLConnection defaultUseCaches enabled
2022-12-15 11:50:21,712 [Worker-61: Building] INFO  o.a.m.s.f.DefaultMavenResourcesFiltering - Copying 0 resource
2022-12-15 11:50:21,712 [Worker-61: Building] INFO  o.a.m.s.f.DefaultMavenResourcesFiltering - Copying 0 resource
2022-12-15 11:50:21,716 [Worker-61: Building] INFO  o.a.m.s.f.DefaultMavenResourcesFiltering - skip non existing resourceDirectory C:\Users\venky\Desktop\e-commerce-project\WebParentCommon\ProjectBackEnd\src\test\resources
2022-12-15 11:50:21,728 [Worker-61: Building] ERROR o.e.m.c.i.URLConnectionCaches - Unexpected URLConnection defaultUseCaches enabled
2022-12-15 11:50:53,961 [Worker-40: Building] ERROR o.e.m.c.i.URLConnectionCaches - Unexpected URLConnection defaultUseCaches enabled
2022-12-15 11:50:53,969 [Worker-40: Building] INFO  o.a.m.s.f.DefaultMavenResourcesFiltering - Copying 0 resource
2022-12-15 11:50:53,969 [Worker-40: Building] INFO  o.a.m.s.f.DefaultMavenResourcesFiltering - Copying 0 resource
2022-12-15 11:50:53,972 [Worker-40: Building] INFO  o.a.m.s.f.DefaultMavenResourcesFiltering - skip non existing resourceDirectory C:\Users\venky\Desktop\e-commerce-project\WebParentCommon\ProjectBackEnd\src\test\resources
2022-12-15 11:50:53,984 [Worker-40: Building] ERROR o.e.m.c.i.URLConnectionCaches - Unexpected URLConnection defaultUseCaches enabled
2022-12-15 11:51:24,963 [Worker-71: Building] ERROR o.e.m.c.i.URLConnectionCaches - Unexpected URLConnection defaultUseCaches enabled
2022-12-15 11:51:25,004 [Worker-71: Building] INFO  o.a.m.s.f.DefaultMavenResourcesFiltering - Copying 0 resource
2022-12-15 11:51:25,004 [Worker-71: Building] INFO  o.a.m.s.f.DefaultMavenResourcesFiltering - Copying 0 resource
2022-12-15 11:51:25,008 [Worker-71: Building] INFO  o.a.m.s.f.DefaultMavenResourcesFiltering - skip non existing resourceDirectory C:\Users\venky\Desktop\e-commerce-project\WebParentCommon\ProjectBackEnd\src\test\resources
2022-12-15 11:51:25,021 [Worker-71: Building] ERROR o.e.m.c.i.URLConnectionCaches - Unexpected URLConnection defaultUseCaches enabled
2022-12-15 11:53:35,491 [Worker-75: Building] ERROR o.e.m.c.i.URLConnectionCaches - Unexpected URLConnection defaultUseCaches enabled
2022-12-15 11:53:35,499 [Worker-75: Building] INFO  o.a.m.s.f.DefaultMavenResourcesFiltering - Copying 0 resource
2022-12-15 11:53:35,499 [Worker-75: Building] INFO  o.a.m.s.f.DefaultMavenResourcesFiltering - Copying 0 resource
2022-12-15 11:53:35,502 [Worker-75: Building] INFO  o.a.m.s.f.DefaultMavenResourcesFiltering - skip non existing resourceDirectory C:\Users\venky\Desktop\e-commerce-project\WebParentCommon\ProjectBackEnd\src\test\resources
2022-12-15 11:53:35,511 [Worker-75: Building] ERROR o.e.m.c.i.URLConnectionCaches - Unexpected URLConnection defaultUseCaches enabled
2022-12-15 11:54:12,891 [Worker-23: Building] ERROR o.e.m.c.i.URLConnectionCaches - Unexpected URLConnection defaultUseCaches enabled
2022-12-15 11:54:12,898 [Worker-23: Building] INFO  o.a.m.s.f.DefaultMavenResourcesFiltering - Copying 0 resource
2022-12-15 11:54:12,899 [Worker-23: Building] INFO  o.a.m.s.f.DefaultMavenResourcesFiltering - Copying 0 resource
2022-12-15 11:54:12,901 [Worker-23: Building] INFO  o.a.m.s.f.DefaultMavenResourcesFiltering - skip non existing resourceDirectory C:\Users\venky\Desktop\e-commerce-project\WebParentCommon\ProjectBackEnd\src\test\resources
2022-12-15 11:54:12,912 [Worker-23: Building] ERROR o.e.m.c.i.URLConnectionCaches - Unexpected URLConnection defaultUseCaches enabled
2022-12-15 11:55:29,214 [Worker-14: Launching RoleRepositoryTests.testCreateFirstRole] INFO  o.e.m.c.i.p.WorkspaceClassifierResolverManager - Resolving P/CommonSharedLibraries: com.shopme:CommonSharedLibraries:0.0.1-SNAPSHOT with classifier null to /CommonSharedLibraries/target/classes
2022-12-15 11:55:29,914 [Worker-14: Launching RoleRepositoryTests.testCreateFirstRole] INFO  o.e.m.c.i.e.AbstractTransferListenerAdapter - Downloading https://repo.maven.apache.org/maven2/org/junit/platform/junit-platform-launcher/1.9.1/junit-platform-launcher-1.9.1.jar
2022-12-15 11:55:30,271 [Worker-14: Launching RoleRepositoryTests.testCreateFirstRole] INFO  o.e.m.c.i.e.AbstractTransferListenerAdapter - Downloaded https://repo.maven.apache.org/maven2/org/junit/platform/junit-platform-launcher/1.9.1/junit-platform-launcher-1.9.1.jar
2022-12-15 11:55:30,910 [Worker-14: Launching RoleRepositoryTests.testCreateFirstRole] INFO  o.e.m.c.i.p.WorkspaceClassifierResolverManager - Resolving P/CommonSharedLibraries: com.shopme:CommonSharedLibraries:0.0.1-SNAPSHOT with classifier null to /CommonSharedLibraries/target/classes
2022-12-15 11:57:16,929 [Worker-22: Launching RoleRepositoryTests.testCreateFirstRole] INFO  o.e.m.c.i.p.WorkspaceClassifierResolverManager - Resolving P/CommonSharedLibraries: com.shopme:CommonSharedLibraries:0.0.1-SNAPSHOT with classifier null to /CommonSharedLibraries/target/classes
2022-12-15 11:57:17,083 [Worker-22: Launching RoleRepositoryTests.testCreateFirstRole] INFO  o.e.m.c.i.p.WorkspaceClassifierResolverManager - Resolving P/CommonSharedLibraries: com.shopme:CommonSharedLibraries:0.0.1-SNAPSHOT with classifier null to /CommonSharedLibraries/target/classes
2022-12-15 11:58:36,093 [Worker-40: Launching RoleRepositoryTests.testCreateFirstRole] INFO  o.e.m.c.i.p.WorkspaceClassifierResolverManager - Resolving P/CommonSharedLibraries: com.shopme:CommonSharedLibraries:0.0.1-SNAPSHOT with classifier null to /CommonSharedLibraries/target/classes
2022-12-15 11:58:36,278 [Worker-40: Launching RoleRepositoryTests.testCreateFirstRole] INFO  o.e.m.c.i.p.WorkspaceClassifierResolverManager - Resolving P/CommonSharedLibraries: com.shopme:CommonSharedLibraries:0.0.1-SNAPSHOT with classifier null to /CommonSharedLibraries/target/classes
2022-12-15 12:01:51,835 [Worker-5: Building] ERROR o.e.m.c.i.URLConnectionCaches - Unexpected URLConnection defaultUseCaches enabled
2022-12-15 12:01:52,219 [Worker-5: Building] INFO  o.e.m.c.i.l.LifecycleMappingFactory - Using NULL lifecycle mapping for MavenProject: com.shopme:WebParentCommon:0.0.1-SNAPSHOT @ C:\Users\venky\Desktop\e-commerce-project\WebParentCommon\pom.xml.
2022-12-15 12:01:52,914 [Worker-5: Building] WARN  o.e.m.c.i.embedder.EclipseLogger - The artifact mysql:mysql-connector-java:jar:8.0.31 has been relocated to com.mysql:mysql-connector-j:jar:8.0.31: MySQL Connector/J artifacts moved to reverse-DNS compliant Maven 2+ coordinates.
2022-12-15 12:01:52,941 [Worker-5: Building] INFO  o.e.m.c.i.p.WorkspaceClassifierResolverManager - Resolving P/CommonSharedLibraries: com.shopme:CommonSharedLibraries:0.0.1-SNAPSHOT with classifier  to /CommonSharedLibraries/target/classes
2022-12-15 12:01:53,123 [Worker-5: Building] INFO  o.e.m.c.i.l.LifecycleMappingFactory - Using org.eclipse.m2e.jdt.JarLifecycleMapping lifecycle mapping for MavenProject: com.shopme:ProjectBackEnd:0.0.1-SNAPSHOT @ C:\Users\venky\Desktop\e-commerce-project\WebParentCommon\ProjectBackEnd\pom.xml.
2022-12-15 12:01:53,134 [Worker-5: Building] WARN  o.e.m.c.i.embedder.EclipseLogger - The artifact mysql:mysql-connector-java:jar:8.0.31 has been relocated to com.mysql:mysql-connector-j:jar:8.0.31: MySQL Connector/J artifacts moved to reverse-DNS compliant Maven 2+ coordinates.
2022-12-15 12:01:53,158 [Worker-5: Building] INFO  o.e.m.c.i.p.WorkspaceClassifierResolverManager - Resolving P/CommonSharedLibraries: com.shopme:CommonSharedLibraries:0.0.1-SNAPSHOT with classifier  to /CommonSharedLibraries/target/classes
2022-12-15 12:01:53,360 [Worker-5: Building] INFO  o.e.m.c.i.l.LifecycleMappingFactory - Using org.eclipse.m2e.jdt.JarLifecycleMapping lifecycle mapping for MavenProject: com.shopme:ProjectFrontEnd:0.0.1-SNAPSHOT @ C:\Users\venky\Desktop\e-commerce-project\WebParentCommon\ProjectFrontEnd\pom.xml.
2022-12-15 12:01:53,376 [Worker-5: Building] WARN  o.e.m.c.i.embedder.EclipseLogger - The artifact mysql:mysql-connector-java:jar:8.0.31 has been relocated to com.mysql:mysql-connector-j:jar:8.0.31: MySQL Connector/J artifacts moved to reverse-DNS compliant Maven 2+ coordinates.
2022-12-15 12:01:53,444 [Worker-5: Building] INFO  o.e.m.c.i.p.WorkspaceClassifierResolverManager - Resolving P/CommonSharedLibraries: com.shopme:CommonSharedLibraries:0.0.1-SNAPSHOT with classifier  to /CommonSharedLibraries/target/classes
2022-12-15 12:01:54,246 [Worker-5: Building] ERROR o.e.m.c.i.URLConnectionCaches - Unexpected URLConnection defaultUseCaches enabled
2022-12-15 12:01:55,668 [Worker-23: Building] ERROR o.e.m.c.i.URLConnectionCaches - Unexpected URLConnection defaultUseCaches enabled
2022-12-15 12:01:55,678 [Worker-23: Building] INFO  o.a.m.s.f.DefaultMavenResourcesFiltering - Copying 1 resource
2022-12-15 12:01:55,682 [Worker-23: Building] INFO  o.a.m.s.f.DefaultMavenResourcesFiltering - Copying 2 resources
2022-12-15 12:01:55,690 [Worker-23: Building] INFO  o.a.m.s.f.DefaultMavenResourcesFiltering - skip non existing resourceDirectory C:\Users\venky\Desktop\e-commerce-project\WebParentCommon\ProjectBackEnd\src\test\resources
2022-12-15 12:01:55,819 [Worker-23: Building] ERROR o.e.m.c.i.URLConnectionCaches - Unexpected URLConnection defaultUseCaches enabled
2022-12-15 12:01:55,824 [Worker-23: Building] INFO  o.a.m.s.f.DefaultMavenResourcesFiltering - Copying 1 resource
2022-12-15 12:01:55,827 [Worker-23: Building] INFO  o.a.m.s.f.DefaultMavenResourcesFiltering - Copying 1 resource
2022-12-15 12:01:55,832 [Worker-23: Building] INFO  o.a.m.s.f.DefaultMavenResourcesFiltering - skip non existing resourceDirectory C:\Users\venky\Desktop\e-commerce-project\WebParentCommon\ProjectFrontEnd\src\test\resources
2022-12-15 12:01:55,883 [Worker-23: Building] ERROR o.e.m.c.i.URLConnectionCaches - Unexpected URLConnection defaultUseCaches enabled
2022-12-15 12:01:56,866 [Worker-15: Download sources and javadoc] INFO  o.e.m.c.i.e.AbstractTransferListenerAdapter - Downloading https://repo.maven.apache.org/maven2/com/mysql/mysql-connector-j/8.0.31/mysql-connector-j-8.0.31-sources.jar
2022-12-15 12:02:01,605 [Worker-15: Download sources and javadoc] INFO  o.e.m.c.i.e.AbstractTransferListenerAdapter - Downloaded https://repo.maven.apache.org/maven2/com/mysql/mysql-connector-j/8.0.31/mysql-connector-j-8.0.31-sources.jar
2022-12-15 12:02:01,608 [Worker-15: Download sources and javadoc] INFO  o.e.m.j.internal.DownloadSourcesJob - Downloaded sources for com.mysql:mysql-connector-j:8.0.31
2022-12-15 12:02:01,614 [Worker-15: Download sources and javadoc] INFO  o.e.m.j.internal.DownloadSourcesJob - Downloaded sources for com.mysql:mysql-connector-j:8.0.31
2022-12-15 12:02:01,621 [Worker-15: Download sources and javadoc] INFO  o.e.m.j.internal.DownloadSourcesJob - Downloaded sources for com.mysql:mysql-connector-j:8.0.31
2022-12-15 12:02:02,450 [Worker-71: Building] ERROR o.e.m.c.i.URLConnectionCaches - Unexpected URLConnection defaultUseCaches enabled
2022-12-15 12:02:02,456 [Worker-71: Building] INFO  o.a.m.s.f.DefaultMavenResourcesFiltering - Copying 0 resource
2022-12-15 12:02:02,456 [Worker-71: Building] INFO  o.a.m.s.f.DefaultMavenResourcesFiltering - Copying 0 resource
2022-12-15 12:02:02,459 [Worker-71: Building] INFO  o.a.m.s.f.DefaultMavenResourcesFiltering - skip non existing resourceDirectory C:\Users\venky\Desktop\e-commerce-project\WebParentCommon\ProjectBackEnd\src\test\resources
2022-12-15 12:02:02,513 [Worker-71: Building] ERROR o.e.m.c.i.URLConnectionCaches - Unexpected URLConnection defaultUseCaches enabled
2022-12-15 12:02:02,517 [Worker-71: Building] INFO  o.a.m.s.f.DefaultMavenResourcesFiltering - Copying 0 resource
2022-12-15 12:02:02,517 [Worker-71: Building] INFO  o.a.m.s.f.DefaultMavenResourcesFiltering - Copying 0 resource
2022-12-15 12:02:02,520 [Worker-71: Building] INFO  o.a.m.s.f.DefaultMavenResourcesFiltering - skip non existing resourceDirectory C:\Users\venky\Desktop\e-commerce-project\WebParentCommon\ProjectFrontEnd\src\test\resources
2022-12-15 12:02:59,019 [Worker-36: Launching RoleRepositoryTests.testCreateFirstRole] INFO  o.e.m.c.i.p.WorkspaceClassifierResolverManager - Resolving P/CommonSharedLibraries: com.shopme:CommonSharedLibraries:0.0.1-SNAPSHOT with classifier null to /CommonSharedLibraries/target/classes
2022-12-15 12:02:59,222 [Worker-36: Launching RoleRepositoryTests.testCreateFirstRole] INFO  o.e.m.c.i.p.WorkspaceClassifierResolverManager - Resolving P/CommonSharedLibraries: com.shopme:CommonSharedLibraries:0.0.1-SNAPSHOT with classifier null to /CommonSharedLibraries/target/classes
2022-12-15 12:06:08,973 [Worker-78: Building] ERROR o.e.m.c.i.URLConnectionCaches - Unexpected URLConnection defaultUseCaches enabled
2022-12-15 12:06:08,983 [Worker-78: Building] INFO  o.a.m.s.f.DefaultMavenResourcesFiltering - Copying 1 resource
2022-12-15 12:06:08,991 [Worker-78: Building] INFO  o.a.m.s.f.DefaultMavenResourcesFiltering - Copying 2 resources
2022-12-15 12:06:08,995 [Worker-78: Building] INFO  o.a.m.s.f.DefaultMavenResourcesFiltering - skip non existing resourceDirectory C:\Users\venky\Desktop\e-commerce-project\WebParentCommon\ProjectBackEnd\src\test\resources
2022-12-15 12:06:09,011 [Worker-78: Building] ERROR o.e.m.c.i.URLConnectionCaches - Unexpected URLConnection defaultUseCaches enabled
2022-12-15 12:06:16,401 [Worker-14: Launching Rerun testCreateFirstRole()] INFO  o.e.m.c.i.p.WorkspaceClassifierResolverManager - Resolving P/CommonSharedLibraries: com.shopme:CommonSharedLibraries:0.0.1-SNAPSHOT with classifier null to /CommonSharedLibraries/target/classes
2022-12-15 12:06:16,640 [Worker-14: Launching Rerun testCreateFirstRole()] INFO  o.e.m.c.i.p.WorkspaceClassifierResolverManager - Resolving P/CommonSharedLibraries: com.shopme:CommonSharedLibraries:0.0.1-SNAPSHOT with classifier null to /CommonSharedLibraries/target/classes
2022-12-15 12:06:37,365 [Worker-74: Launching Rerun testCreateFirstRole()] INFO  o.e.m.c.i.p.WorkspaceClassifierResolverManager - Resolving P/CommonSharedLibraries: com.shopme:CommonSharedLibraries:0.0.1-SNAPSHOT with classifier null to /CommonSharedLibraries/target/classes
2022-12-15 12:06:37,538 [Worker-74: Launching Rerun testCreateFirstRole()] INFO  o.e.m.c.i.p.WorkspaceClassifierResolverManager - Resolving P/CommonSharedLibraries: com.shopme:CommonSharedLibraries:0.0.1-SNAPSHOT with classifier null to /CommonSharedLibraries/target/classes
2022-12-15 12:07:09,986 [Worker-94: Launching RoleRepositoryTests.testCreateFirstRole] INFO  o.e.m.c.i.p.WorkspaceClassifierResolverManager - Resolving P/CommonSharedLibraries: com.shopme:CommonSharedLibraries:0.0.1-SNAPSHOT with classifier null to /CommonSharedLibraries/target/classes
2022-12-15 12:07:10,213 [Worker-94: Launching RoleRepositoryTests.testCreateFirstRole] INFO  o.e.m.c.i.p.WorkspaceClassifierResolverManager - Resolving P/CommonSharedLibraries: com.shopme:CommonSharedLibraries:0.0.1-SNAPSHOT with classifier null to /CommonSharedLibraries/target/classes
2022-12-15 12:09:21,249 [Worker-89: Launching RoleRepositoryTests.testCreateFirstRole] INFO  o.e.m.c.i.p.WorkspaceClassifierResolverManager - Resolving P/CommonSharedLibraries: com.shopme:CommonSharedLibraries:0.0.1-SNAPSHOT with classifier null to /CommonSharedLibraries/target/classes
2022-12-15 12:09:21,444 [Worker-89: Launching RoleRepositoryTests.testCreateFirstRole] INFO  o.e.m.c.i.p.WorkspaceClassifierResolverManager - Resolving P/CommonSharedLibraries: com.shopme:CommonSharedLibraries:0.0.1-SNAPSHOT with classifier null to /CommonSharedLibraries/target/classes
2022-12-15 19:13:49,601 [Worker-8: reload maven project] WARN  o.e.m.c.i.embedder.EclipseLogger - The artifact mysql:mysql-connector-java:jar:8.0.31 has been relocated to com.mysql:mysql-connector-j:jar:8.0.31: MySQL Connector/J artifacts moved to reverse-DNS compliant Maven 2+ coordinates.
2022-12-15 19:13:49,706 [Worker-8: reload maven project] INFO  o.e.m.c.i.p.WorkspaceClassifierResolverManager - Resolving P/CommonSharedLibraries: com.shopme:CommonSharedLibraries:0.0.1-SNAPSHOT with classifier  to /CommonSharedLibraries/target/classes
2022-12-15 19:16:38,395 [Worker-7: Loading available Gradle versions] INFO  o.e.b.c.i.u.g.PublishedGradleVersions - Gradle version information cache is out-of-date. Trying to update.
2022-12-15 20:37:53,535 [Worker-31: reload maven project] WARN  o.e.m.c.i.embedder.EclipseLogger - The artifact mysql:mysql-connector-java:jar:8.0.31 has been relocated to com.mysql:mysql-connector-j:jar:8.0.31: MySQL Connector/J artifacts moved to reverse-DNS compliant Maven 2+ coordinates.
2022-12-15 20:37:53,561 [Worker-31: reload maven project] INFO  o.e.m.c.i.p.WorkspaceClassifierResolverManager - Resolving P/CommonSharedLibraries: com.shopme:CommonSharedLibraries:0.0.1-SNAPSHOT with classifier  to /CommonSharedLibraries/target/classes
2022-12-15 20:37:53,579 [Worker-31: reload maven project] WARN  o.e.m.c.i.embedder.EclipseLogger - The artifact mysql:mysql-connector-java:jar:8.0.31 has been relocated to com.mysql:mysql-connector-j:jar:8.0.31: MySQL Connector/J artifacts moved to reverse-DNS compliant Maven 2+ coordinates.
2022-12-15 20:37:53,599 [Worker-31: reload maven project] INFO  o.e.m.c.i.p.WorkspaceClassifierResolverManager - Resolving P/CommonSharedLibraries: com.shopme:CommonSharedLibraries:0.0.1-SNAPSHOT with classifier  to /CommonSharedLibraries/target/classes
2022-12-15 20:42:24,196 [Worker-19: Launching RoleRepositoryTests.testCreateFirstRole] INFO  o.e.m.c.i.p.WorkspaceClassifierResolverManager - Resolving P/CommonSharedLibraries: com.shopme:CommonSharedLibraries:0.0.1-SNAPSHOT with classifier null to /CommonSharedLibraries/target/classes
2022-12-15 20:42:24,464 [Worker-19: Launching RoleRepositoryTests.testCreateFirstRole] INFO  o.e.m.c.i.p.WorkspaceClassifierResolverManager - Resolving P/CommonSharedLibraries: com.shopme:CommonSharedLibraries:0.0.1-SNAPSHOT with classifier null to /CommonSharedLibraries/target/classes
2022-12-15 20:48:31,154 [Worker-35: Launching Rerun testCreateFirstRole()] INFO  o.a.m.s.f.DefaultMavenResourcesFiltering - Copying 1 resource
2022-12-15 20:48:31,190 [Worker-35: Launching Rerun testCreateFirstRole()] INFO  o.a.m.s.f.DefaultMavenResourcesFiltering - Copying 2 resources
2022-12-15 20:48:31,201 [Worker-35: Launching Rerun testCreateFirstRole()] INFO  o.a.m.s.f.DefaultMavenResourcesFiltering - skip non existing resourceDirectory C:\Users\venky\Desktop\e-commerce-project\WebParentCommon\ProjectBackEnd\src\test\resources
2022-12-15 20:48:32,035 [Worker-35: Launching Rerun testCreateFirstRole()] INFO  o.e.m.c.i.p.WorkspaceClassifierResolverManager - Resolving P/CommonSharedLibraries: com.shopme:CommonSharedLibraries:0.0.1-SNAPSHOT with classifier null to /CommonSharedLibraries/target/classes
2022-12-15 20:48:32,200 [Worker-35: Launching Rerun testCreateFirstRole()] INFO  o.e.m.c.i.p.WorkspaceClassifierResolverManager - Resolving P/CommonSharedLibraries: com.shopme:CommonSharedLibraries:0.0.1-SNAPSHOT with classifier null to /CommonSharedLibraries/target/classes
2022-12-15 20:49:42,827 [Worker-40: Building] INFO  o.a.m.s.f.DefaultMavenResourcesFiltering - Copying 1 resource
2022-12-15 20:49:42,834 [Worker-40: Building] INFO  o.a.m.s.f.DefaultMavenResourcesFiltering - Copying 0 resource
2022-12-15 20:49:42,837 [Worker-40: Building] INFO  o.a.m.s.f.DefaultMavenResourcesFiltering - skip non existing resourceDirectory C:\Users\venky\Desktop\e-commerce-project\WebParentCommon\ProjectBackEnd\src\test\resources
2022-12-15 20:49:48,576 [Worker-35: Launching Rerun testCreateFirstRole()] INFO  o.e.m.c.i.p.WorkspaceClassifierResolverManager - Resolving P/CommonSharedLibraries: com.shopme:CommonSharedLibraries:0.0.1-SNAPSHOT with classifier null to /CommonSharedLibraries/target/classes
2022-12-15 20:49:48,689 [Worker-35: Launching Rerun testCreateFirstRole()] INFO  o.e.m.c.i.p.WorkspaceClassifierResolverManager - Resolving P/CommonSharedLibraries: com.shopme:CommonSharedLibraries:0.0.1-SNAPSHOT with classifier null to /CommonSharedLibraries/target/classes
2022-12-15 20:50:34,134 [Worker-36: Launching Rerun testCreateFirstRole()] INFO  o.e.m.c.i.p.WorkspaceClassifierResolverManager - Resolving P/CommonSharedLibraries: com.shopme:CommonSharedLibraries:0.0.1-SNAPSHOT with classifier null to /CommonSharedLibraries/target/classes
2022-12-15 20:50:34,257 [Worker-36: Launching Rerun testCreateFirstRole()] INFO  o.e.m.c.i.p.WorkspaceClassifierResolverManager - Resolving P/CommonSharedLibraries: com.shopme:CommonSharedLibraries:0.0.1-SNAPSHOT with classifier null to /CommonSharedLibraries/target/classes
